2014-03-16 07:32:49 Error: [MissingViewException] View file "/Users/m-kobayashi/vmshare/php_mook/04_cakephp/mook/View/Hello/index.ctp" is missing.
Exception Attributes: array (
  'file' => '/Users/m-kobayashi/vmshare/php_mook/04_cakephp/mook/View/Hello/index.ctp',
)
Request URL: /mook/04_cakephp/mook/hello
Stack Trace:
#0 /Users/m-kobayashi/vmshare/php_mook/04_cakephp/vendor/pear-pear.cakephp.org/CakePHP/Cake/View/View.php(463): View->_getViewFileName(NULL)
#1 /Users/m-kobayashi/vmshare/php_mook/04_cakephp/vendor/pear-pear.cakephp.org/CakePHP/Cake/Controller/Controller.php(952): View->render(NULL, NULL)
#2 /Users/m-kobayashi/vmshare/php_mook/04_cakephp/vendor/pear-pear.cakephp.org/CakePHP/Cake/Routing/Dispatcher.php(192): Controller->render()
#3 /Users/m-kobayashi/vmshare/php_mook/04_cakephp/vendor/pear-pear.cakephp.org/CakePHP/Cake/Routing/Dispatcher.php(160): Dispatcher->_invoke(Object(HelloController), Object(CakeRequest), Object(CakeResponse))
#4 /Users/m-kobayashi/vmshare/php_mook/04_cakephp/mook/webroot/index.php(99): Dispatcher->dispatch(Object(CakeRequest), Object(CakeResponse))
#5 {main}
2014-03-16 07:51:30 Error: [MissingControllerException] Controller class ReplyController could not be found.
Exception Attributes: array (
  'class' => 'ReplyController',
  'plugin' => NULL,
)
Request URL: /mook/04_cakephp/mook/reply
Stack Trace:
#0 /Users/m-kobayashi/vmshare/php_mook/04_cakephp/mook/webroot/index.php(99): Dispatcher->dispatch(Object(CakeRequest), Object(CakeResponse))
#1 {main}
2014-03-16 07:51:49 Error: [MissingControllerException] Controller class ReplyController could not be found.
Exception Attributes: array (
  'class' => 'ReplyController',
  'plugin' => NULL,
)
Request URL: /mook/04_cakephp/mook/reply
Stack Trace:
#0 /Users/m-kobayashi/vmshare/php_mook/04_cakephp/mook/webroot/index.php(99): Dispatcher->dispatch(Object(CakeRequest), Object(CakeResponse))
#1 {main}
2014-03-16 07:52:05 Error: [MissingViewException] View file "/Users/m-kobayashi/vmshare/php_mook/04_cakephp/mook/View/Hello/reply.ctp" is missing.
Exception Attributes: array (
  'file' => '/Users/m-kobayashi/vmshare/php_mook/04_cakephp/mook/View/Hello/reply.ctp',
)
Request URL: /mook/04_cakephp/mook/hello/reply
Stack Trace:
#0 /Users/m-kobayashi/vmshare/php_mook/04_cakephp/vendor/pear-pear.cakephp.org/CakePHP/Cake/View/View.php(463): View->_getViewFileName('reply')
#1 /Users/m-kobayashi/vmshare/php_mook/04_cakephp/vendor/pear-pear.cakephp.org/CakePHP/Cake/Controller/Controller.php(952): View->render('reply', NULL)
#2 /Users/m-kobayashi/vmshare/php_mook/04_cakephp/mook/Controller/HelloController.php(11): Controller->render('reply')
#3 [internal function]: HelloController->reply()
#4 /Users/m-kobayashi/vmshare/php_mook/04_cakephp/vendor/pear-pear.cakephp.org/CakePHP/Cake/Controller/Controller.php(490): ReflectionMethod->invokeArgs(Object(HelloController), Array)
#5 /Users/m-kobayashi/vmshare/php_mook/04_cakephp/vendor/pear-pear.cakephp.org/CakePHP/Cake/Routing/Dispatcher.php(185): Controller->invokeAction(Object(CakeRequest))
#6 /Users/m-kobayashi/vmshare/php_mook/04_cakephp/vendor/pear-pear.cakephp.org/CakePHP/Cake/Routing/Dispatcher.php(160): Dispatcher->_invoke(Object(HelloController), Object(CakeRequest), Object(CakeResponse))
#7 /Users/m-kobayashi/vmshare/php_mook/04_cakephp/mook/webroot/index.php(99): Dispatcher->dispatch(Object(CakeRequest), Object(CakeResponse))
#8 {main}
2014-03-16 08:04:45 Error: Fatal Error (64): Access level to InfoController::$uses must be public (as in class AppController) in [/Users/m-kobayashi/vmshare/php_mook/04_cakephp/mook/Controller/InfoController.php, line 2]
2014-03-16 08:04:45 Error: [FatalErrorException] Access level to InfoController::$uses must be public (as in class AppController)
Request URL: /mook/04_cakephp/mook/info/
Stack Trace:
#0 /Users/m-kobayashi/vmshare/php_mook/04_cakephp/vendor/pear-pear.cakephp.org/CakePHP/Cake/Error/ErrorHandler.php(203): ErrorHandler::handleFatalError(64, 'Access level to...', '/Users/m-kobaya...', 2)
#1 [internal function]: ErrorHandler::handleError(64, 'Access level to...', '/Users/m-kobaya...', 2, Array)
#2 /Users/m-kobayashi/vmshare/php_mook/04_cakephp/vendor/pear-pear.cakephp.org/CakePHP/Cake/Core/App.php(929): call_user_func('ErrorHandler::h...', 64, 'Access level to...', '/Users/m-kobaya...', 2, Array)
#3 /Users/m-kobayashi/vmshare/php_mook/04_cakephp/vendor/pear-pear.cakephp.org/CakePHP/Cake/Core/App.php(902): App::_checkFatalError()
#4 [internal function]: App::shutdown()
#5 {main}
2014-03-16 08:05:07 Error: [MissingActionException] Action InfoController::info() could not be found.
Exception Attributes: array (
  'controller' => 'InfoController',
  'action' => 'info',
)
Request URL: /mook/04_cakephp/mook/info/info/new
Stack Trace:
#0 /Users/m-kobayashi/vmshare/php_mook/04_cakephp/vendor/pear-pear.cakephp.org/CakePHP/Cake/Routing/Dispatcher.php(185): Controller->invokeAction(Object(CakeRequest))
#1 /Users/m-kobayashi/vmshare/php_mook/04_cakephp/vendor/pear-pear.cakephp.org/CakePHP/Cake/Routing/Dispatcher.php(160): Dispatcher->_invoke(Object(InfoController), Object(CakeRequest), Object(CakeResponse))
#2 /Users/m-kobayashi/vmshare/php_mook/04_cakephp/mook/webroot/index.php(99): Dispatcher->dispatch(Object(CakeRequest), Object(CakeResponse))
#3 {main}
2014-03-16 08:07:40 Error: [MissingConnectionException] Database connection "Mysql" is missing, or could not be created.
Exception Attributes: array (
  'class' => 'Mysql',
  'message' => 'SQLSTATE[HY000] [2002] No such file or directory',
  'enabled' => true,
)
Request URL: /mook/04_cakephp/mook/info/
Stack Trace:
#0 /Users/m-kobayashi/vmshare/php_mook/04_cakephp/vendor/pear-pear.cakephp.org/CakePHP/Cake/Model/Datasource/DboSource.php(260): Mysql->connect()
#1 /Users/m-kobayashi/vmshare/php_mook/04_cakephp/vendor/pear-pear.cakephp.org/CakePHP/Cake/Model/ConnectionManager.php(105): DboSource->__construct(Array)
#2 /Users/m-kobayashi/vmshare/php_mook/04_cakephp/vendor/pear-pear.cakephp.org/CakePHP/Cake/Model/Model.php(3476): ConnectionManager::getDataSource('default')
#3 /Users/m-kobayashi/vmshare/php_mook/04_cakephp/vendor/pear-pear.cakephp.org/CakePHP/Cake/Model/Model.php(1126): Model->setDataSource('default')
#4 /Users/m-kobayashi/vmshare/php_mook/04_cakephp/vendor/pear-pear.cakephp.org/CakePHP/Cake/Model/Model.php(3498): Model->setSource('infos')
#5 /Users/m-kobayashi/vmshare/php_mook/04_cakephp/vendor/pear-pear.cakephp.org/CakePHP/Cake/Model/Model.php(2902): Model->getDataSource()
#6 /Users/m-kobayashi/vmshare/php_mook/04_cakephp/vendor/pear-pear.cakephp.org/CakePHP/Cake/Model/Model.php(2874): Model->_readDataSource('all', Array)
#7 /Users/m-kobayashi/vmshare/php_mook/04_cakephp/mook/Controller/InfoController.php(7): Model->find('all')
#8 [internal function]: InfoController->index()
#9 /Users/m-kobayashi/vmshare/php_mook/04_cakephp/vendor/pear-pear.cakephp.org/CakePHP/Cake/Controller/Controller.php(490): ReflectionMethod->invokeArgs(Object(InfoController), Array)
#10 /Users/m-kobayashi/vmshare/php_mook/04_cakephp/vendor/pear-pear.cakephp.org/CakePHP/Cake/Routing/Dispatcher.php(185): Controller->invokeAction(Object(CakeRequest))
#11 /Users/m-kobayashi/vmshare/php_mook/04_cakephp/vendor/pear-pear.cakephp.org/CakePHP/Cake/Routing/Dispatcher.php(160): Dispatcher->_invoke(Object(InfoController), Object(CakeRequest), Object(CakeResponse))
#12 /Users/m-kobayashi/vmshare/php_mook/04_cakephp/mook/webroot/index.php(99): Dispatcher->dispatch(Object(CakeRequest), Object(CakeResponse))
#13 {main}
2014-03-16 08:13:44 Error: [MissingConnectionException] Database connection "Mysql" is missing, or could not be created.
Exception Attributes: array (
  'class' => 'Mysql',
  'message' => 'SQLSTATE[42000] [1115] Unknown character set: \'utf\'',
  'enabled' => true,
)
Request URL: /mook/04_cakephp/mook/info/
Stack Trace:
#0 /Users/m-kobayashi/vmshare/php_mook/04_cakephp/vendor/pear-pear.cakephp.org/CakePHP/Cake/Model/Datasource/DboSource.php(260): Mysql->connect()
#1 /Users/m-kobayashi/vmshare/php_mook/04_cakephp/vendor/pear-pear.cakephp.org/CakePHP/Cake/Model/ConnectionManager.php(105): DboSource->__construct(Array)
#2 /Users/m-kobayashi/vmshare/php_mook/04_cakephp/vendor/pear-pear.cakephp.org/CakePHP/Cake/Model/Model.php(3476): ConnectionManager::getDataSource('default')
#3 /Users/m-kobayashi/vmshare/php_mook/04_cakephp/vendor/pear-pear.cakephp.org/CakePHP/Cake/Model/Model.php(1126): Model->setDataSource('default')
#4 /Users/m-kobayashi/vmshare/php_mook/04_cakephp/vendor/pear-pear.cakephp.org/CakePHP/Cake/Model/Model.php(3498): Model->setSource('infos')
#5 /Users/m-kobayashi/vmshare/php_mook/04_cakephp/vendor/pear-pear.cakephp.org/CakePHP/Cake/Model/Model.php(2902): Model->getDataSource()
#6 /Users/m-kobayashi/vmshare/php_mook/04_cakephp/vendor/pear-pear.cakephp.org/CakePHP/Cake/Model/Model.php(2874): Model->_readDataSource('all', Array)
#7 /Users/m-kobayashi/vmshare/php_mook/04_cakephp/mook/Controller/InfoController.php(7): Model->find('all')
#8 [internal function]: InfoController->index()
#9 /Users/m-kobayashi/vmshare/php_mook/04_cakephp/vendor/pear-pear.cakephp.org/CakePHP/Cake/Controller/Controller.php(490): ReflectionMethod->invokeArgs(Object(InfoController), Array)
#10 /Users/m-kobayashi/vmshare/php_mook/04_cakephp/vendor/pear-pear.cakephp.org/CakePHP/Cake/Routing/Dispatcher.php(185): Controller->invokeAction(Object(CakeRequest))
#11 /Users/m-kobayashi/vmshare/php_mook/04_cakephp/vendor/pear-pear.cakephp.org/CakePHP/Cake/Routing/Dispatcher.php(160): Dispatcher->_invoke(Object(InfoController), Object(CakeRequest), Object(CakeResponse))
#12 /Users/m-kobayashi/vmshare/php_mook/04_cakephp/mook/webroot/index.php(99): Dispatcher->dispatch(Object(CakeRequest), Object(CakeResponse))
#13 {main}
2014-03-16 08:14:06 Error: [MissingTableException] Table infos for model Info was not found in datasource default.
Exception Attributes: array (
  'table' => 'infos',
  'class' => 'Info',
  'ds' => 'default',
)
Request URL: /mook/04_cakephp/mook/info/
Stack Trace:
#0 /Users/m-kobayashi/vmshare/php_mook/04_cakephp/vendor/pear-pear.cakephp.org/CakePHP/Cake/Model/Model.php(3498): Model->setSource('infos')
#1 /Users/m-kobayashi/vmshare/php_mook/04_cakephp/vendor/pear-pear.cakephp.org/CakePHP/Cake/Model/Model.php(2902): Model->getDataSource()
#2 /Users/m-kobayashi/vmshare/php_mook/04_cakephp/vendor/pear-pear.cakephp.org/CakePHP/Cake/Model/Model.php(2874): Model->_readDataSource('all', Array)
#3 /Users/m-kobayashi/vmshare/php_mook/04_cakephp/mook/Controller/InfoController.php(7): Model->find('all')
#4 [internal function]: InfoController->index()
#5 /Users/m-kobayashi/vmshare/php_mook/04_cakephp/vendor/pear-pear.cakephp.org/CakePHP/Cake/Controller/Controller.php(490): ReflectionMethod->invokeArgs(Object(InfoController), Array)
#6 /Users/m-kobayashi/vmshare/php_mook/04_cakephp/vendor/pear-pear.cakephp.org/CakePHP/Cake/Routing/Dispatcher.php(185): Controller->invokeAction(Object(CakeRequest))
#7 /Users/m-kobayashi/vmshare/php_mook/04_cakephp/vendor/pear-pear.cakephp.org/CakePHP/Cake/Routing/Dispatcher.php(160): Dispatcher->_invoke(Object(InfoController), Object(CakeRequest), Object(CakeResponse))
#8 /Users/m-kobayashi/vmshare/php_mook/04_cakephp/mook/webroot/index.php(99): Dispatcher->dispatch(Object(CakeRequest), Object(CakeResponse))
#9 {main}
2014-03-16 08:16:28 Error: [MissingTableException] Table infos for model Info was not found in datasource default.
Exception Attributes: array (
  'table' => 'infos',
  'class' => 'Info',
  'ds' => 'default',
)
Request URL: /mook/04_cakephp/mook/info/
Stack Trace:
#0 /Users/m-kobayashi/vmshare/php_mook/04_cakephp/vendor/pear-pear.cakephp.org/CakePHP/Cake/Model/Model.php(3498): Model->setSource('infos')
#1 /Users/m-kobayashi/vmshare/php_mook/04_cakephp/vendor/pear-pear.cakephp.org/CakePHP/Cake/Model/Model.php(2902): Model->getDataSource()
#2 /Users/m-kobayashi/vmshare/php_mook/04_cakephp/vendor/pear-pear.cakephp.org/CakePHP/Cake/Model/Model.php(2874): Model->_readDataSource('all', Array)
#3 /Users/m-kobayashi/vmshare/php_mook/04_cakephp/mook/Controller/InfoController.php(7): Model->find('all')
#4 [internal function]: InfoController->index()
#5 /Users/m-kobayashi/vmshare/php_mook/04_cakephp/vendor/pear-pear.cakephp.org/CakePHP/Cake/Controller/Controller.php(490): ReflectionMethod->invokeArgs(Object(InfoController), Array)
#6 /Users/m-kobayashi/vmshare/php_mook/04_cakephp/vendor/pear-pear.cakephp.org/CakePHP/Cake/Routing/Dispatcher.php(185): Controller->invokeAction(Object(CakeRequest))
#7 /Users/m-kobayashi/vmshare/php_mook/04_cakephp/vendor/pear-pear.cakephp.org/CakePHP/Cake/Routing/Dispatcher.php(160): Dispatcher->_invoke(Object(InfoController), Object(CakeRequest), Object(CakeResponse))
#8 /Users/m-kobayashi/vmshare/php_mook/04_cakephp/mook/webroot/index.php(99): Dispatcher->dispatch(Object(CakeRequest), Object(CakeResponse))
#9 {main}
2014-03-16 08:17:12 Error: Fatal Error (64): Access level to Info::$useTable must be public (as in class AppModel) in [/Users/m-kobayashi/vmshare/php_mook/04_cakephp/mook/Model/Info.php, line 2]
2014-03-16 08:17:12 Error: [FatalErrorException] Access level to Info::$useTable must be public (as in class AppModel)
Request URL: /mook/04_cakephp/mook/info/
Stack Trace:
#0 /Users/m-kobayashi/vmshare/php_mook/04_cakephp/vendor/pear-pear.cakephp.org/CakePHP/Cake/Error/ErrorHandler.php(203): ErrorHandler::handleFatalError(64, 'Access level to...', '/Users/m-kobaya...', 2)
#1 [internal function]: ErrorHandler::handleError(64, 'Access level to...', '/Users/m-kobaya...', 2, Array)
#2 /Users/m-kobayashi/vmshare/php_mook/04_cakephp/vendor/pear-pear.cakephp.org/CakePHP/Cake/Core/App.php(929): call_user_func('ErrorHandler::h...', 64, 'Access level to...', '/Users/m-kobaya...', 2, Array)
#3 /Users/m-kobayashi/vmshare/php_mook/04_cakephp/vendor/pear-pear.cakephp.org/CakePHP/Cake/Core/App.php(902): App::_checkFatalError()
#4 [internal function]: App::shutdown()
#5 {main}
2014-03-16 08:24:40 Error: [MissingActionException] Action InfoController::info() could not be found.
Exception Attributes: array (
  'controller' => 'InfoController',
  'action' => 'info',
)
Request URL: /mook/04_cakephp/mook/info/info/new
Stack Trace:
#0 /Users/m-kobayashi/vmshare/php_mook/04_cakephp/vendor/pear-pear.cakephp.org/CakePHP/Cake/Routing/Dispatcher.php(185): Controller->invokeAction(Object(CakeRequest))
#1 /Users/m-kobayashi/vmshare/php_mook/04_cakephp/vendor/pear-pear.cakephp.org/CakePHP/Cake/Routing/Dispatcher.php(160): Dispatcher->_invoke(Object(InfoController), Object(CakeRequest), Object(CakeResponse))
#2 /Users/m-kobayashi/vmshare/php_mook/04_cakephp/mook/webroot/index.php(99): Dispatcher->dispatch(Object(CakeRequest), Object(CakeResponse))
#3 {main}
2014-03-16 08:25:03 Error: [MissingActionException] Action InfoController::info() could not be found.
Exception Attributes: array (
  'controller' => 'InfoController',
  'action' => 'info',
)
Request URL: /mook/04_cakephp/mook/info/info/new
Stack Trace:
#0 /Users/m-kobayashi/vmshare/php_mook/04_cakephp/vendor/pear-pear.cakephp.org/CakePHP/Cake/Routing/Dispatcher.php(185): Controller->invokeAction(Object(CakeRequest))
#1 /Users/m-kobayashi/vmshare/php_mook/04_cakephp/vendor/pear-pear.cakephp.org/CakePHP/Cake/Routing/Dispatcher.php(160): Dispatcher->_invoke(Object(InfoController), Object(CakeRequest), Object(CakeResponse))
#2 /Users/m-kobayashi/vmshare/php_mook/04_cakephp/mook/webroot/index.php(99): Dispatcher->dispatch(Object(CakeRequest), Object(CakeResponse))
#3 {main}
2014-03-16 08:26:19 Error: [MissingActionException] Action InfoController::info() could not be found.
Exception Attributes: array (
  'controller' => 'InfoController',
  'action' => 'info',
)
Request URL: /mook/04_cakephp/mook/info/info/new
Stack Trace:
#0 /Users/m-kobayashi/vmshare/php_mook/04_cakephp/vendor/pear-pear.cakephp.org/CakePHP/Cake/Routing/Dispatcher.php(185): Controller->invokeAction(Object(CakeRequest))
#1 /Users/m-kobayashi/vmshare/php_mook/04_cakephp/vendor/pear-pear.cakephp.org/CakePHP/Cake/Routing/Dispatcher.php(160): Dispatcher->_invoke(Object(InfoController), Object(CakeRequest), Object(CakeResponse))
#2 /Users/m-kobayashi/vmshare/php_mook/04_cakephp/mook/webroot/index.php(99): Dispatcher->dispatch(Object(CakeRequest), Object(CakeResponse))
#3 {main}
2014-03-16 08:26:26 Error: [MissingActionException] Action InfoController::info() could not be found.
Exception Attributes: array (
  'controller' => 'InfoController',
  'action' => 'info',
)
Request URL: /mook/04_cakephp/mook/info/info/new
Stack Trace:
#0 /Users/m-kobayashi/vmshare/php_mook/04_cakephp/vendor/pear-pear.cakephp.org/CakePHP/Cake/Routing/Dispatcher.php(185): Controller->invokeAction(Object(CakeRequest))
#1 /Users/m-kobayashi/vmshare/php_mook/04_cakephp/vendor/pear-pear.cakephp.org/CakePHP/Cake/Routing/Dispatcher.php(160): Dispatcher->_invoke(Object(InfoController), Object(CakeRequest), Object(CakeResponse))
#2 /Users/m-kobayashi/vmshare/php_mook/04_cakephp/mook/webroot/index.php(99): Dispatcher->dispatch(Object(CakeRequest), Object(CakeResponse))
#3 {main}
2014-03-16 08:26:39 Error: [MissingActionException] Action InfoController::new() could not be found.
Exception Attributes: array (
  'controller' => 'InfoController',
  'action' => 'new',
)
Request URL: /mook/04_cakephp/mook/info/new
Stack Trace:
#0 /Users/m-kobayashi/vmshare/php_mook/04_cakephp/vendor/pear-pear.cakephp.org/CakePHP/Cake/Routing/Dispatcher.php(185): Controller->invokeAction(Object(CakeRequest))
#1 /Users/m-kobayashi/vmshare/php_mook/04_cakephp/vendor/pear-pear.cakephp.org/CakePHP/Cake/Routing/Dispatcher.php(160): Dispatcher->_invoke(Object(InfoController), Object(CakeRequest), Object(CakeResponse))
#2 /Users/m-kobayashi/vmshare/php_mook/04_cakephp/mook/webroot/index.php(99): Dispatcher->dispatch(Object(CakeRequest), Object(CakeResponse))
#3 {main}
2014-03-16 08:27:02 Error: [MissingViewException] View file "/Users/m-kobayashi/vmshare/php_mook/04_cakephp/mook/View/Info/add.ctp" is missing.
Exception Attributes: array (
  'file' => '/Users/m-kobayashi/vmshare/php_mook/04_cakephp/mook/View/Info/add.ctp',
)
Request URL: /mook/04_cakephp/mook/info/add
Stack Trace:
#0 /Users/m-kobayashi/vmshare/php_mook/04_cakephp/vendor/pear-pear.cakephp.org/CakePHP/Cake/View/View.php(463): View->_getViewFileName(NULL)
#1 /Users/m-kobayashi/vmshare/php_mook/04_cakephp/vendor/pear-pear.cakephp.org/CakePHP/Cake/Controller/Controller.php(952): View->render(NULL, NULL)
#2 /Users/m-kobayashi/vmshare/php_mook/04_cakephp/vendor/pear-pear.cakephp.org/CakePHP/Cake/Routing/Dispatcher.php(192): Controller->render()
#3 /Users/m-kobayashi/vmshare/php_mook/04_cakephp/vendor/pear-pear.cakephp.org/CakePHP/Cake/Routing/Dispatcher.php(160): Dispatcher->_invoke(Object(InfoController), Object(CakeRequest), Object(CakeResponse))
#4 /Users/m-kobayashi/vmshare/php_mook/04_cakephp/mook/webroot/index.php(99): Dispatcher->dispatch(Object(CakeRequest), Object(CakeResponse))
#5 {main}
2014-03-16 08:41:47 Error: Fatal Error (1): Unsupported operand types in [/Users/m-kobayashi/vmshare/php_mook/04_cakephp/vendor/pear-pear.cakephp.org/CakePHP/Cake/Routing/Router.php, line 836]
2014-03-16 08:41:47 Error: [FatalErrorException] Unsupported operand types
Request URL: /mook/04_cakephp/mook/info/add
Stack Trace:
#0 /Users/m-kobayashi/vmshare/php_mook/04_cakephp/vendor/pear-pear.cakephp.org/CakePHP/Cake/Error/ErrorHandler.php(203): ErrorHandler::handleFatalError(1, 'Unsupported ope...', '/Users/m-kobaya...', 836)
#1 [internal function]: ErrorHandler::handleError(1, 'Unsupported ope...', '/Users/m-kobaya...', 836, Array)
#2 /Users/m-kobayashi/vmshare/php_mook/04_cakephp/vendor/pear-pear.cakephp.org/CakePHP/Cake/Core/App.php(929): call_user_func('ErrorHandler::h...', 1, 'Unsupported ope...', '/Users/m-kobaya...', 836, Array)
#3 /Users/m-kobayashi/vmshare/php_mook/04_cakephp/vendor/pear-pear.cakephp.org/CakePHP/Cake/Core/App.php(902): App::_checkFatalError()
#4 [internal function]: App::shutdown()
#5 {main}
2014-03-16 08:41:50 Error: Fatal Error (1): Unsupported operand types in [/Users/m-kobayashi/vmshare/php_mook/04_cakephp/vendor/pear-pear.cakephp.org/CakePHP/Cake/Routing/Router.php, line 836]
2014-03-16 08:41:50 Error: [FatalErrorException] Unsupported operand types
Request URL: /mook/04_cakephp/mook/info/
Stack Trace:
#0 /Users/m-kobayashi/vmshare/php_mook/04_cakephp/vendor/pear-pear.cakephp.org/CakePHP/Cake/Error/ErrorHandler.php(203): ErrorHandler::handleFatalError(1, 'Unsupported ope...', '/Users/m-kobaya...', 836)
#1 [internal function]: ErrorHandler::handleError(1, 'Unsupported ope...', '/Users/m-kobaya...', 836, Array)
#2 /Users/m-kobayashi/vmshare/php_mook/04_cakephp/vendor/pear-pear.cakephp.org/CakePHP/Cake/Core/App.php(929): call_user_func('ErrorHandler::h...', 1, 'Unsupported ope...', '/Users/m-kobaya...', 836, Array)
#3 /Users/m-kobayashi/vmshare/php_mook/04_cakephp/vendor/pear-pear.cakephp.org/CakePHP/Cake/Core/App.php(902): App::_checkFatalError()
#4 [internal function]: App::shutdown()
#5 {main}
2014-03-16 08:42:02 Error: Fatal Error (1): Unsupported operand types in [/Users/m-kobayashi/vmshare/php_mook/04_cakephp/vendor/pear-pear.cakephp.org/CakePHP/Cake/Routing/Router.php, line 836]
2014-03-16 08:42:02 Error: [FatalErrorException] Unsupported operand types
Request URL: /mook/04_cakephp/mook/info/
Stack Trace:
#0 /Users/m-kobayashi/vmshare/php_mook/04_cakephp/vendor/pear-pear.cakephp.org/CakePHP/Cake/Error/ErrorHandler.php(203): ErrorHandler::handleFatalError(1, 'Unsupported ope...', '/Users/m-kobaya...', 836)
#1 [internal function]: ErrorHandler::handleError(1, 'Unsupported ope...', '/Users/m-kobaya...', 836, Array)
#2 /Users/m-kobayashi/vmshare/php_mook/04_cakephp/vendor/pear-pear.cakephp.org/CakePHP/Cake/Core/App.php(929): call_user_func('ErrorHandler::h...', 1, 'Unsupported ope...', '/Users/m-kobaya...', 836, Array)
#3 /Users/m-kobayashi/vmshare/php_mook/04_cakephp/vendor/pear-pear.cakephp.org/CakePHP/Cake/Core/App.php(902): App::_checkFatalError()
#4 [internal function]: App::shutdown()
#5 {main}
2014-03-16 08:43:48 Error: [MissingViewException] View file "/Users/m-kobayashi/vmshare/php_mook/04_cakephp/mook/View/Info/del.ctp" is missing.
Exception Attributes: array (
  'file' => '/Users/m-kobayashi/vmshare/php_mook/04_cakephp/mook/View/Info/del.ctp',
)
Request URL: /mook/04_cakephp/mook/info/del/1
Stack Trace:
#0 /Users/m-kobayashi/vmshare/php_mook/04_cakephp/vendor/pear-pear.cakephp.org/CakePHP/Cake/View/View.php(463): View->_getViewFileName(NULL)
#1 /Users/m-kobayashi/vmshare/php_mook/04_cakephp/vendor/pear-pear.cakephp.org/CakePHP/Cake/Controller/Controller.php(952): View->render(NULL, NULL)
#2 /Users/m-kobayashi/vmshare/php_mook/04_cakephp/vendor/pear-pear.cakephp.org/CakePHP/Cake/Routing/Dispatcher.php(192): Controller->render()
#3 /Users/m-kobayashi/vmshare/php_mook/04_cakephp/vendor/pear-pear.cakephp.org/CakePHP/Cake/Routing/Dispatcher.php(160): Dispatcher->_invoke(Object(InfoController), Object(CakeRequest), Object(CakeResponse))
#4 /Users/m-kobayashi/vmshare/php_mook/04_cakephp/mook/webroot/index.php(99): Dispatcher->dispatch(Object(CakeRequest), Object(CakeResponse))
#5 {main}
2014-03-16 08:44:06 Error: [MissingViewException] View file "/Users/m-kobayashi/vmshare/php_mook/04_cakephp/mook/View/Info/del.ctp" is missing.
Exception Attributes: array (
  'file' => '/Users/m-kobayashi/vmshare/php_mook/04_cakephp/mook/View/Info/del.ctp',
)
Request URL: /mook/04_cakephp/mook/info/del/1
Stack Trace:
#0 /Users/m-kobayashi/vmshare/php_mook/04_cakephp/vendor/pear-pear.cakephp.org/CakePHP/Cake/View/View.php(463): View->_getViewFileName(NULL)
#1 /Users/m-kobayashi/vmshare/php_mook/04_cakephp/vendor/pear-pear.cakephp.org/CakePHP/Cake/Controller/Controller.php(952): View->render(NULL, NULL)
#2 /Users/m-kobayashi/vmshare/php_mook/04_cakephp/vendor/pear-pear.cakephp.org/CakePHP/Cake/Routing/Dispatcher.php(192): Controller->render()
#3 /Users/m-kobayashi/vmshare/php_mook/04_cakephp/vendor/pear-pear.cakephp.org/CakePHP/Cake/Routing/Dispatcher.php(160): Dispatcher->_invoke(Object(InfoController), Object(CakeRequest), Object(CakeResponse))
#4 /Users/m-kobayashi/vmshare/php_mook/04_cakephp/mook/webroot/index.php(99): Dispatcher->dispatch(Object(CakeRequest), Object(CakeResponse))
#5 {main}
2014-03-16 08:46:48 Error: Fatal Error (1): Call to undefined method InfoController::setFlash() in [/Users/m-kobayashi/vmshare/php_mook/04_cakephp/mook/Controller/InfoController.php, line 30]
2014-03-16 08:46:48 Error: [FatalErrorException] Call to undefined method InfoController::setFlash()
Request URL: /mook/04_cakephp/mook/info/del/1
Stack Trace:
#0 /Users/m-kobayashi/vmshare/php_mook/04_cakephp/vendor/pear-pear.cakephp.org/CakePHP/Cake/Error/ErrorHandler.php(203): ErrorHandler::handleFatalError(1, 'Call to undefin...', '/Users/m-kobaya...', 30)
#1 [internal function]: ErrorHandler::handleError(1, 'Call to undefin...', '/Users/m-kobaya...', 30, Array)
#2 /Users/m-kobayashi/vmshare/php_mook/04_cakephp/vendor/pear-pear.cakephp.org/CakePHP/Cake/Core/App.php(929): call_user_func('ErrorHandler::h...', 1, 'Call to undefin...', '/Users/m-kobaya...', 30, Array)
#3 /Users/m-kobayashi/vmshare/php_mook/04_cakephp/vendor/pear-pear.cakephp.org/CakePHP/Cake/Core/App.php(902): App::_checkFatalError()
#4 [internal function]: App::shutdown()
#5 {main}
